<?xml version="1.0" encoding="UTF-8"?>
<!-- Generated by org.testng.reporters.JUnitReportReporter -->
<testsuite skipped="0" hostname="AbdElRahman" name="SeleniumMaven.RESTAPITest" tests="2" failures="0" timestamp="2021-11-10T15:00:47 EET" time="0.001" errors="0">
  <testcase name="postJira" time="0.001" classname="SeleniumMaven.RESTAPITest"/>
  <system-out/>
  <testcase name="deleteTwitter" time="0.000" classname="SeleniumMaven.RESTAPITest"/>
  <system-out/>
</testsuite> <!-- SeleniumMaven.RESTAPITest -->
