<?xml version="1.0" encoding="UTF-8"?>
<!-- Generated by org.testng.reporters.JUnitReportReporter -->
<testsuite skipped="0" hostname="AbdElRahman" name="SeleniumMaven.AppiumTest" tests="2" failures="0" timestamp="2021-11-10T15:00:47 EET" time="0.005" errors="0">
  <testcase name="NativeAPpAndroid" time="0.000" classname="SeleniumMaven.AppiumTest"/>
  <system-out/>
  <testcase name="IOSApps" time="0.005" classname="SeleniumMaven.AppiumTest"/>
  <system-out/>
</testsuite> <!-- SeleniumMaven.AppiumTest -->
