<?xml version="1.0" encoding="UTF-8"?>
<!-- Generated by org.testng.reporters.JUnitReportReporter -->
<testsuite skipped="0" hostname="AbdElRahman" name="SeleniumMaven.SeleniumTest" tests="2" failures="0" timestamp="2021-11-10T15:00:47 EET" time="0.000" errors="0">
  <testcase name="elementsUi" time="0.000" classname="SeleniumMaven.SeleniumTest"/>
  <system-out/>
  <testcase name="BrowserAUtomation" time="0.000" classname="SeleniumMaven.SeleniumTest"/>
  <system-out/>
</testsuite> <!-- SeleniumMaven.SeleniumTest -->
