<?xml version="1.0" encoding="UTF-8"?>
<!-- Generated by org.testng.reporters.JUnitReportReporter -->
<testsuite skipped="0" hostname="AbdElRahman" name="Academy.E2EProject.MainTest" tests="2" failures="0" timestamp="2021-11-17T13:13:34 EET" time="13.778" errors="0">
  <testcase name="basePageNavigation" time="11.393" classname="Academy.E2EProject.MainTest"/>
  <system-out/>
  <testcase name="basePageNavigation" time="2.385" classname="Academy.E2EProject.MainTest"/>
  <system-out/>
</testsuite> <!-- Academy.E2EProject.MainTest -->
