<?xml version="1.0" encoding="UTF-8"?>
<!-- Generated by org.testng.reporters.JUnitReportReporter -->
<testsuite skipped="0" hostname="AbdElRahman" name="Academy.E2EProject.validateNavigationBar" tests="1" failures="0" timestamp="2021-11-17T13:13:34 EET" time="0.034" errors="0">
  <testcase name="validateAppNavBar" time="0.034" classname="Academy.E2EProject.validateNavigationBar"/>
  <system-out/>
</testsuite> <!-- Academy.E2EProject.validateNavigationBar -->
