<?xml version="1.0" encoding="UTF-8"?>
<!-- Generated by org.testng.reporters.JUnitReportReporter -->
<testsuite hostname="AbdElRahman" failures="0" tests="1" name="ExtentReportsDemo.ExtentReportsDemo" time="8.438" errors="0" timestamp="2021-11-11T00:18:23 EET" skipped="0">
  <testcase classname="ExtentReportsDemo.ExtentReportsDemo" name="initialDemo" time="8.438"/>
  <system-out/>
</testsuite> <!-- ExtentReportsDemo.ExtentReportsDemo -->
