<?xml version="1.0" encoding="UTF-8"?>
<!-- Generated by org.testng.reporters.JUnitReportReporter -->
<testsuite hostname="AbdElRahman" failures="0" tests="1" name="a2" time="0.002" errors="0" timestamp="2021-11-04T14:53:08 EET" skipped="0">
  <testcase classname="a2" name="Demo3" time="0.002"/>
  <system-out/>
</testsuite> <!-- a2 -->
