<?xml version="1.0" encoding="UTF-8"?>
<!-- Generated by org.testng.reporters.JUnitReportReporter -->
<testsuite hostname="AbdElRahman" failures="0" tests="9" name="test.a3" time="0.014" errors="0" timestamp="2021-11-08T20:53:26 EET" skipped="1">
  <testcase classname="test.a3" name="dataFunction" time="0.001"/>
  <system-out/>
  <testcase classname="test.a3" name="Demo12" time="0.001"/>
  <system-out/>
  <testcase classname="test.a3" name="Demo13" time="0.001"/>
  <system-out/>
  <testcase classname="test.a3" name="dataFunction" time="0.001"/>
  <system-out/>
  <testcase classname="test.a3" name="Demo16" time="0.006"/>
  <system-out/>
  <testcase classname="test.a3" name="Demo15" time="0.002"/>
  <system-out/>
  <testcase classname="test.a3" name="dataFunction" time="0.001"/>
  <system-out/>
  <testcase classname="test.a3" name="Demo9" time="0.001"/>
  <system-out/>
  <testcase classname="test.a3" name="Demo14">
    <skipped/>
  </testcase> <!-- Demo14 -->
  <system-out/>
</testsuite> <!-- test.a3 -->
