<?xml version="1.0" encoding="UTF-8"?>
<!-- Generated by org.testng.reporters.JUnitReportReporter -->
<testsuite hostname="AbdElRahman" failures="0" tests="3" name="test.a2" time="0.006" errors="0" timestamp="2021-11-08T20:53:26 EET" skipped="0">
  <testcase classname="test.a2" name="Demo7" time="0.001"/>
  <system-out/>
  <testcase classname="test.a2" name="Demo4" time="0.002"/>
  <system-out/>
  <testcase classname="test.a2" name="Demo3" time="0.003"/>
  <system-out/>
</testsuite> <!-- test.a2 -->
