<?xml version="1.0" encoding="UTF-8"?>
<!-- Generated by org.testng.reporters.JUnitReportReporter -->
<testsuite hostname="AbdElRahman" failures="0" tests="2" name="a1" time="0.007" errors="0" timestamp="2021-11-04T15:26:57 EET" skipped="0">
  <testcase classname="a1" name="Demo" time="0.006"/>
  <system-out/>
  <testcase classname="a1" name="Demo2" time="0.001"/>
  <system-out/>
</testsuite> <!-- a1 -->
