<?xml version="1.0" encoding="UTF-8"?>
<!-- Generated by org.testng.reporters.JUnitReportReporter -->
<testsuite hostname="AbdElRahman" failures="0" tests="2" name="test.a1" time="0.010" errors="0" timestamp="2021-11-08T20:53:26 EET" skipped="0">
  <testcase classname="test.a1" name="Demo2" time="0.001"/>
  <system-out/>
  <testcase classname="test.a1" name="Demo" time="0.009"/>
  <system-out/>
</testsuite> <!-- test.a1 -->
