<?xml version="1.0" encoding="UTF-8"?>
<!-- Generated by org.testng.reporters.JUnitReportReporter -->
<testsuite hostname="AbdElRahman" failures="0" tests="1" name="Academy.E2EProject.AppTest" time="5.090" errors="0" timestamp="2021-11-15T17:03:16 EET" skipped="0">
  <testcase classname="Academy.E2EProject.AppTest" name="shouldAnswerWithTrue" time="5.090"/>
  <system-out/>
</testsuite> <!-- Academy.E2EProject.AppTest -->
