<?xml version="1.0" encoding="UTF-8"?>
<!-- Generated by org.testng.reporters.JUnitReportReporter -->
<testsuite hostname="AbdElRahman" failures="0" tests="1" name="Academy.E2EProject.a" time="0.030" errors="0" timestamp="2021-11-17T14:00:19 EET" skipped="0">
  <testcase classname="Academy.E2EProject.a" name="validateAppTitle" time="0.030"/>
  <system-out/>
</testsuite> <!-- Academy.E2EProject.a -->
