<?xml version="1.0" encoding="UTF-8"?>
<!-- Generated by org.testng.reporters.JUnitReportReporter -->
<testsuite hostname="AbdElRahman" failures="0" tests="2" name="Academy.E2EProject.HomePage" time="9.335" errors="0" timestamp="2021-11-15T17:23:19 EET" skipped="0">
  <testcase classname="Academy.E2EProject.HomePage" name="basePageNavigation" time="6.845"/>
  <system-out/>
  <testcase classname="Academy.E2EProject.HomePage" name="basePageNavigation" time="2.490"/>
  <system-out/>
</testsuite> <!-- Academy.E2EProject.HomePage -->
