<?xml version="1.0" encoding="UTF-8"?>
<!-- Generated by org.testng.reporters.JUnitReportReporter -->
<testsuite hostname="AbdElRahman" failures="0" tests="2" name="Academy.E2EProject.MainTest" time="9.331" errors="0" timestamp="2021-11-17T13:36:06 EET" skipped="0">
  <testcase classname="Academy.E2EProject.MainTest" name="basePageNavigation" time="2.366"/>
  <system-out/>
  <testcase classname="Academy.E2EProject.MainTest" name="basePageNavigation" time="6.965"/>
  <system-out/>
</testsuite> <!-- Academy.E2EProject.MainTest -->
