<?xml version="1.0" encoding="UTF-8"?>
<!-- Generated by org.testng.reporters.JUnitReportReporter -->
<testsuite hostname="AbdElRahman" failures="0" tests="1" name="Academy.E2EProject.validateNavigationBar" time="0.033" errors="0" timestamp="2021-11-17T15:52:25 EET" skipped="0">
  <testcase classname="Academy.E2EProject.validateNavigationBar" name="validateAppNavBar" time="0.033"/>
  <system-out/>
</testsuite> <!-- Academy.E2EProject.validateNavigationBar -->
