<?xml version="1.0" encoding="UTF-8"?>
<!-- Generated by org.testng.reporters.JUnitReportReporter -->
<testsuite hostname="AbdElRahman" failures="0" tests="2" name="Academy.E2EProject.validateUsers" time="13.861" errors="0" timestamp="2021-11-17T15:52:25 EET" skipped="0">
  <testcase classname="Academy.E2EProject.validateUsers" name="basePageNavigation" time="11.937"/>
  <system-out/>
  <testcase classname="Academy.E2EProject.validateUsers" name="basePageNavigation" time="1.924"/>
  <system-out/>
</testsuite> <!-- Academy.E2EProject.validateUsers -->
