<?xml version="1.0" encoding="UTF-8"?>
<!-- Generated by org.testng.reporters.JUnitReportReporter -->
<testsuite hostname="AbdElRahman" failures="0" tests="1" name="Testcases.Loginapplication" time="23.772" errors="0" timestamp="14 Nov 2021 12:15:26 GMT">
  <testcase classname="Testcases.Loginapplication" name="Login" time="23.772"/>
</testsuite> <!-- Testcases.Loginapplication -->
