<?xml version="1.0" encoding="UTF-8"?>
<!-- Generated by org.testng.reporters.JUnitReportReporter -->
<testsuite hostname="AbdElRahman" failures="0" tests="2" name="SeleniumMaven.AppiumTest" time="0.013" errors="0" timestamp="2021-11-10T14:54:15 EET" skipped="0">
  <testcase classname="SeleniumMaven.AppiumTest" name="NativeAPpAndroid" time="0.002"/>
  <system-out/>
  <testcase classname="SeleniumMaven.AppiumTest" name="IOSApps" time="0.011"/>
  <system-out/>
</testsuite> <!-- SeleniumMaven.AppiumTest -->
