<?xml version="1.0" encoding="UTF-8"?>
<!-- Generated by org.testng.reporters.JUnitReportReporter -->
<testsuite hostname="AbdElRahman" failures="0" tests="2" name="SeleniumMaven.SeleniumTest" time="0.005" errors="0" timestamp="2021-11-10T14:54:15 EET" skipped="0">
  <testcase classname="SeleniumMaven.SeleniumTest" name="elementsUi" time="0.004"/>
  <system-out/>
  <testcase classname="SeleniumMaven.SeleniumTest" name="BrowserAUtomation" time="0.001"/>
  <system-out/>
</testsuite> <!-- SeleniumMaven.SeleniumTest -->
