<?xml version="1.0" encoding="UTF-8"?>
<!-- Generated by org.testng.reporters.JUnitReportReporter -->
<testsuite hostname="AbdElRahman" failures="0" tests="1" name="TestCases.a8ValidateTerms" time="1.898" errors="0" timestamp="2022-01-10T19:08:01 EET" skipped="0">
  <testcase classname="TestCases.a8ValidateTerms" name="validateNewItem" time="1.898"/>
  <system-out/>
</testsuite> <!-- TestCases.a8ValidateTerms -->
