<?xml version="1.0" encoding="UTF-8"?>
<!-- Generated by org.testng.reporters.JUnitReportReporter -->
<testsuite hostname="AbdElRahman" failures="0" tests="1" name="TestCases.a01ValidateRegister" time="2.509" errors="0" timestamp="2022-01-11T18:11:48 EET" skipped="0">
  <testcase classname="TestCases.a01ValidateRegister" name="validateRegister" time="2.509"/>
  <system-out/>
</testsuite> <!-- TestCases.a01ValidateRegister -->
