<?xml version="1.0" encoding="UTF-8"?>
<!-- Generated by org.testng.reporters.JUnitReportReporter -->
<testsuite hostname="AbdElRahman" failures="0" tests="1" name="TestCases.a10E2E" time="10.356" errors="0" timestamp="2022-01-11T18:11:48 EET" skipped="0">
  <testcase classname="TestCases.a10E2E" name="validateNewItem" time="10.356"/>
  <system-out/>
</testsuite> <!-- TestCases.a10E2E -->
