<?xml version="1.0" encoding="UTF-8"?>
<!-- Generated by org.testng.reporters.JUnitReportReporter -->
<testsuite hostname="AbdElRahman" failures="0" tests="1" name="TestCases.a1ValidateRegister" time="3.044" errors="0" timestamp="2022-01-10T15:52:55 EET" skipped="0">
  <testcase classname="TestCases.a1ValidateRegister" name="validateAppTitle" time="3.044"/>
  <system-out/>
</testsuite> <!-- TestCases.a1ValidateRegister -->
