<?xml version="1.0" encoding="UTF-8"?>
<!-- Generated by org.testng.reporters.JUnitReportReporter -->
<testsuite hostname="AbdElRahman" failures="0" tests="1" name="TestCases.a6ValidateAddNewItem" time="1.300" errors="0" timestamp="2022-01-10T18:35:02 EET" skipped="0">
  <testcase classname="TestCases.a6ValidateAddNewItem" name="validateNewItem" time="1.300"/>
  <system-out/>
</testsuite> <!-- TestCases.a6ValidateAddNewItem -->
