<?xml version="1.0" encoding="UTF-8"?>
<!-- Generated by org.testng.reporters.JUnitReportReporter -->
<testsuite hostname="AbdElRahman" failures="0" tests="1" name="TestCases.a3ValidateLogin" time="1.267" errors="0" timestamp="2022-01-10T16:38:43 EET" skipped="0">
  <testcase classname="TestCases.a3ValidateLogin" name="validateAppTitle" time="1.267"/>
  <system-out/>
</testsuite> <!-- TestCases.a3ValidateLogin -->
