<?xml version="1.0" encoding="UTF-8"?>
<!-- Generated by org.testng.reporters.JUnitReportReporter -->
<testsuite hostname="AbdElRahman" failures="0" tests="1" name="TestCases.ValidateRegister" time="1.169" errors="0" timestamp="2022-01-10T15:26:34 EET" skipped="0">
  <testcase classname="TestCases.ValidateRegister" name="validateAppTitle" time="1.169"/>
  <system-out/>
</testsuite> <!-- TestCases.ValidateRegister -->
