<?xml version="1.0" encoding="UTF-8"?>
<!-- Generated by org.testng.reporters.JUnitReportReporter -->
<testsuite hostname="AbdElRahman" failures="0" tests="1" name="TestCases.a7ValidateCouponCode" time="2.262" errors="0" timestamp="2022-01-10T19:05:21 EET" skipped="0">
  <testcase classname="TestCases.a7ValidateCouponCode" name="validateNewItem" time="2.262"/>
  <system-out/>
</testsuite> <!-- TestCases.a7ValidateCouponCode -->
