<?xml version="1.0" encoding="UTF-8"?>
<!-- Generated by org.testng.reporters.JUnitReportReporter -->
<testsuite hostname="AbdElRahman" failures="0" tests="1" name="TestCases.a07ValidateCouponCode" time="2.802" errors="0" timestamp="2022-01-11T18:11:48 EET" skipped="0">
  <testcase classname="TestCases.a07ValidateCouponCode" name="validateCouponCode" time="2.802"/>
  <system-out/>
</testsuite> <!-- TestCases.a07ValidateCouponCode -->
